<?xml version="1.0" encoding="UTF-8"?>
<!-- Generated by org.testng.reporters.JUnitXMLReporter -->
<testsuite ignored="0" hostname="NeerajsYoga" failures="0" tests="10" name="Default test" time="5.552" errors="0" timestamp="2026-08-23T15:04:14 IST">
  <testcase classname="com.restassured.demo.RestAssuredDDTUsingTestNG" name="testMultiplePostsBDD" time="2.292"/>
  <testcase classname="com.restassured.demo.RestAssuredDDTUsingTestNG" name="testMultiplePostsBDD" time="0.403"/>
  <testcase classname="com.restassured.demo.RestAssuredDDTUsingTestNG" name="testMultiplePostsBDD" time="0.336"/>
  <testcase classname="com.restassured.demo.RestAssuredDDTUsingTestNG" name="testMultiplePostsBDD" time="0.336"/>
  <testcase classname="com.restassured.demo.RestAssuredDDTUsingTestNG" name="testMultiplePostsBDD" time="0.35"/>
  <testcase classname="com.restassured.demo.RestAssuredDDTUsingTestNG" name="testMultiplePostsTraditional" time="0.337"/>
  <testcase classname="com.restassured.demo.RestAssuredDDTUsingTestNG" name="testMultiplePostsTraditional" time="0.307"/>
  <testcase classname="com.restassured.demo.RestAssuredDDTUsingTestNG" name="testMultiplePostsTraditional" time="0.258"/>
  <testcase classname="com.restassured.demo.RestAssuredDDTUsingTestNG" name="testMultiplePostsTraditional" time="0.26"/>
  <testcase classname="com.restassured.demo.RestAssuredDDTUsingTestNG" name="testMultiplePostsTraditional" time="0.243"/>
</testsuite> <!-- Default test -->
