<?xml version="1.0" encoding="UTF-8"?>
<testng-results ignored="0" total="10" passed="10" failed="0" skipped="0">
  <reporter-output>
  </reporter-output>
  <suite started-at="2026-08-23T15:04:08 IST" name="Default suite" finished-at="2026-08-23T15:04:14 IST" duration-ms="5552">
    <groups>
    </groups>
    <test started-at="2026-08-23T15:04:08 IST" name="Default test" finished-at="2026-08-23T15:04:14 IST" duration-ms="5552">
      <class name="com.restassured.demo.RestAssuredDDTUsingTestNG">
        <test-method is-config="true" signature="setup()[pri:0, instance:com.restassured.demo.RestAssuredDDTUsingTestNG@647e447]" started-at="2026-08-23T15:04:08 IST" name="setup" finished-at="2026-08-23T15:04:09 IST" duration-ms="339" status="PASS">
          <reporter-output>
          </reporter-output>
        </test-method> <!-- setup -->
        <test-method signature="testMultiplePostsBDD(int,int)[pri:0, instance:com.restassured.demo.RestAssuredDDTUsingTestNG@647e447]" started-at="2026-08-23T15:04:09 IST" name="testMultiplePostsBDD" data-provider="postIds" finished-at="2026-08-23T15:04:11 IST" duration-ms="2292" status="PASS">
          <params>
            <param index="0">
              <value>
                <![CDATA[1]]>
              </value>
            </param>
            <param index="1">
              <value>
                <![CDATA[1]]>
              </value>
            </param>
          </params>
          <reporter-output>
          </reporter-output>
        </test-method> <!-- testMultiplePostsBDD -->
        <test-method signature="testMultiplePostsBDD(int,int)[pri:0, instance:com.restassured.demo.RestAssuredDDTUsingTestNG@647e447]" started-at="2026-08-23T15:04:11 IST" name="testMultiplePostsBDD" data-provider="postIds" finished-at="2026-08-23T15:04:11 IST" duration-ms="403" status="PASS">
          <params>
            <param index="0">
              <value>
                <![CDATA[2]]>
              </value>
            </param>
            <param index="1">
              <value>
                <![CDATA[1]]>
              </value>
            </param>
          </params>
          <reporter-output>
          </reporter-output>
        </test-method> <!-- testMultiplePostsBDD -->
        <test-method signature="testMultiplePostsBDD(int,int)[pri:0, instance:com.restassured.demo.RestAssuredDDTUsingTestNG@647e447]" started-at="2026-08-23T15:04:11 IST" name="testMultiplePostsBDD" data-provider="postIds" finished-at="2026-08-23T15:04:12 IST" duration-ms="336" status="PASS">
          <params>
            <param index="0">
              <value>
                <![CDATA[3]]>
              </value>
            </param>
            <param index="1">
              <value>
                <![CDATA[1]]>
              </value>
            </param>
          </params>
          <reporter-output>
          </reporter-output>
        </test-method> <!-- testMultiplePostsBDD -->
        <test-method signature="testMultiplePostsBDD(int,int)[pri:0, instance:com.restassured.demo.RestAssuredDDTUsingTestNG@647e447]" started-at="2026-08-23T15:04:12 IST" name="testMultiplePostsBDD" data-provider="postIds" finished-at="2026-08-23T15:04:12 IST" duration-ms="336" status="PASS">
          <params>
            <param index="0">
              <value>
                <![CDATA[4]]>
              </value>
            </param>
            <param index="1">
              <value>
                <![CDATA[1]]>
              </value>
            </param>
          </params>
          <reporter-output>
          </reporter-output>
        </test-method> <!-- testMultiplePostsBDD -->
        <test-method signature="testMultiplePostsBDD(int,int)[pri:0, instance:com.restassured.demo.RestAssuredDDTUsingTestNG@647e447]" started-at="2026-08-23T15:04:12 IST" name="testMultiplePostsBDD" data-provider="postIds" finished-at="2026-08-23T15:04:12 IST" duration-ms="350" status="PASS">
          <params>
            <param index="0">
              <value>
                <![CDATA[5]]>
              </value>
            </param>
            <param index="1">
              <value>
                <![CDATA[1]]>
              </value>
            </param>
          </params>
          <reporter-output>
          </reporter-output>
        </test-method> <!-- testMultiplePostsBDD -->
        <test-method signature="testMultiplePostsTraditional(int,int)[pri:0, instance:com.restassured.demo.RestAssuredDDTUsingTestNG@647e447]" started-at="2026-08-23T15:04:12 IST" name="testMultiplePostsTraditional" data-provider="postIds" finished-at="2026-08-23T15:04:13 IST" duration-ms="337" status="PASS">
          <params>
            <param index="0">
              <value>
                <![CDATA[1]]>
              </value>
            </param>
            <param index="1">
              <value>
                <![CDATA[1]]>
              </value>
            </param>
          </params>
          <reporter-output>
          </reporter-output>
        </test-method> <!-- testMultiplePostsTraditional -->
        <test-method signature="testMultiplePostsTraditional(int,int)[pri:0, instance:com.restassured.demo.RestAssuredDDTUsingTestNG@647e447]" started-at="2026-08-23T15:04:13 IST" name="testMultiplePostsTraditional" data-provider="postIds" finished-at="2026-08-23T15:04:13 IST" duration-ms="307" status="PASS">
          <params>
            <param index="0">
              <value>
                <![CDATA[2]]>
              </value>
            </param>
            <param index="1">
              <value>
                <![CDATA[1]]>
              </value>
            </param>
          </params>
          <reporter-output>
          </reporter-output>
        </test-method> <!-- testMultiplePostsTraditional -->
        <test-method signature="testMultiplePostsTraditional(int,int)[pri:0, instance:com.restassured.demo.RestAssuredDDTUsingTestNG@647e447]" started-at="2026-08-23T15:04:13 IST" name="testMultiplePostsTraditional" data-provider="postIds" finished-at="2026-08-23T15:04:13 IST" duration-ms="258" status="PASS">
          <params>
            <param index="0">
              <value>
                <![CDATA[3]]>
              </value>
            </param>
            <param index="1">
              <value>
                <![CDATA[1]]>
              </value>
            </param>
          </params>
          <reporter-output>
          </reporter-output>
        </test-method> <!-- testMultiplePostsTraditional -->
        <test-method signature="testMultiplePostsTraditional(int,int)[pri:0, instance:com.restassured.demo.RestAssuredDDTUsingTestNG@647e447]" started-at="2026-08-23T15:04:13 IST" name="testMultiplePostsTraditional" data-provider="postIds" finished-at="2026-08-23T15:04:13 IST" duration-ms="260" status="PASS">
          <params>
            <param index="0">
              <value>
                <![CDATA[4]]>
              </value>
            </param>
            <param index="1">
              <value>
                <![CDATA[1]]>
              </value>
            </param>
          </params>
          <reporter-output>
          </reporter-output>
        </test-method> <!-- testMultiplePostsTraditional -->
        <test-method signature="testMultiplePostsTraditional(int,int)[pri:0, instance:com.restassured.demo.RestAssuredDDTUsingTestNG@647e447]" started-at="2026-08-23T15:04:14 IST" name="testMultiplePostsTraditional" data-provider="postIds" finished-at="2026-08-23T15:04:14 IST" duration-ms="243" status="PASS">
          <params>
            <param index="0">
              <value>
                <![CDATA[5]]>
              </value>
            </param>
            <param index="1">
              <value>
                <![CDATA[1]]>
              </value>
            </param>
          </params>
          <reporter-output>
          </reporter-output>
        </test-method> <!-- testMultiplePostsTraditional -->
      </class> <!-- com.restassured.demo.RestAssuredDDTUsingTestNG -->
    </test> <!-- Default test -->
  </suite> <!-- Default suite -->
</testng-results>
